2023-11-01 09:05:08.840 [info] Log level: Info
2023-11-01 09:05:08.840 [info] Validating found git in: "git"
2023-11-01 09:05:08.840 [info] Using git "2.42.0" from "git"
2023-11-01 09:05:08.840 [info] > git rev-parse --show-toplevel [5ms]
2023-11-01 09:05:08.840 [info] > git rev-parse --git-dir --git-common-dir [1ms]
2023-11-01 09:05:08.840 [info] Open repository: /mnt/code
2023-11-01 09:05:08.840 [info] > git rev-parse --show-toplevel [7ms]
2023-11-01 09:05:08.840 [info] > git config --get commit.template [7ms]
2023-11-01 09:05:08.840 [info] > git rev-parse --show-toplevel [8ms]
2023-11-01 09:05:08.840 [info] > git for-each-ref --format=%(refname)%00%(upstream:short)%00%(objectname)%00%(upstream:track)%00%(upstream:remotename)%00%(upstream:remoteref) refs/heads/main refs/remotes/main [8ms]
2023-11-01 09:05:08.840 [info] > git status -z -uall [8ms]
2023-11-01 09:05:08.840 [info] > git rev-parse --show-toplevel [38ms]
2023-11-01 09:05:08.840 [info] > git for-each-ref --sort -committerdate --format %(refname) %(objectname) %(*objectname) [8ms]
2023-11-01 09:05:08.840 [info] > git rev-parse --show-toplevel [13ms]
2023-11-01 09:05:08.840 [info] > git config --get commit.template [4ms]
2023-11-01 09:05:08.840 [info] > git for-each-ref --format=%(refname)%00%(upstream:short)%00%(objectname)%00%(upstream:track)%00%(upstream:remotename)%00%(upstream:remoteref) refs/heads/main refs/remotes/main [1ms]
2023-11-01 09:05:08.840 [info] > git status -z -uall [6ms]
2023-11-01 09:05:08.840 [info] > git for-each-ref --sort -committerdate --format %(refname) %(objectname) %(*objectname) [1ms]
2023-11-01 09:05:08.840 [info] > git check-ignore -v -z --stdin [1ms]
2023-11-01 09:05:13.706 [info] > git config --get commit.template [7ms]
2023-11-01 09:05:13.706 [info] > git for-each-ref --format=%(refname)%00%(upstream:short)%00%(objectname)%00%(upstream:track)%00%(upstream:remotename)%00%(upstream:remoteref) refs/heads/main refs/remotes/main [2ms]
2023-11-01 09:05:13.720 [info] > git status -z -uall [7ms]
2023-11-01 09:05:13.721 [info] > git for-each-ref --sort -committerdate --format %(refname) %(objectname) %(*objectname) [2ms]
2023-11-01 09:05:18.685 [info] > git check-ignore -v -z --stdin [10ms]
2023-11-01 09:05:18.738 [info] > git config --get commit.template [7ms]
2023-11-01 09:05:18.738 [info] > git for-each-ref --format=%(refname)%00%(upstream:short)%00%(objectname)%00%(upstream:track)%00%(upstream:remotename)%00%(upstream:remoteref) refs/heads/main refs/remotes/main [2ms]
2023-11-01 09:05:18.751 [info] > git status -z -uall [7ms]
2023-11-01 09:05:18.752 [info] > git for-each-ref --sort -committerdate --format %(refname) %(objectname) %(*objectname) [2ms]
2023-11-01 09:05:20.395 [info] > git show --textconv :sas2csv.py [84ms]
2023-11-01 09:05:20.397 [info] > git ls-files --stage -- /mnt/code/sas2csv.py [7ms]
2023-11-01 09:05:23.783 [info] > git for-each-ref --format=%(refname)%00%(upstream:short)%00%(objectname)%00%(upstream:track)%00%(upstream:remotename)%00%(upstream:remoteref) refs/heads/main refs/remotes/main [4ms]
2023-11-01 09:05:23.784 [info] > git config --get commit.template [15ms]
2023-11-01 09:05:23.807 [info] > git status -z -uall [12ms]
2023-11-01 09:05:23.808 [info] > git for-each-ref --sort -committerdate --format %(refname) %(objectname) %(*objectname) [2ms]
2023-11-01 09:05:31.562 [info] > git config --get commit.template [13ms]
2023-11-01 09:05:31.563 [info] > git for-each-ref --format=%(refname)%00%(upstream:short)%00%(objectname)%00%(upstream:track)%00%(upstream:remotename)%00%(upstream:remoteref) refs/heads/main refs/remotes/main [2ms]
2023-11-01 09:05:31.586 [info] > git status -z -uall [13ms]
2023-11-01 09:05:31.587 [info] > git for-each-ref --sort -committerdate --format %(refname) %(objectname) %(*objectname) [2ms]
2023-11-01 09:05:41.910 [info] > git for-each-ref --format=%(refname)%00%(upstream:short)%00%(objectname)%00%(upstream:track)%00%(upstream:remotename)%00%(upstream:remoteref) refs/heads/main refs/remotes/main [4ms]
2023-11-01 09:05:41.910 [info] > git config --get commit.template [16ms]
2023-11-01 09:05:41.934 [info] > git status -z -uall [12ms]
2023-11-01 09:05:41.935 [info] > git for-each-ref --sort -committerdate --format %(refname) %(objectname) %(*objectname) [1ms]
2023-11-01 09:05:46.964 [info] > git config --get commit.template [13ms]
2023-11-01 09:05:46.964 [info] > git for-each-ref --format=%(refname)%00%(upstream:short)%00%(objectname)%00%(upstream:track)%00%(upstream:remotename)%00%(upstream:remoteref) refs/heads/main refs/remotes/main [1ms]
2023-11-01 09:05:46.987 [info] > git status -z -uall [12ms]
2023-11-01 09:05:46.988 [info] > git for-each-ref --sort -committerdate --format %(refname) %(objectname) %(*objectname) [1ms]
2023-11-01 09:05:54.415 [info] > git config --get commit.template [14ms]
2023-11-01 09:05:54.415 [info] > git for-each-ref --format=%(refname)%00%(upstream:short)%00%(objectname)%00%(upstream:track)%00%(upstream:remotename)%00%(upstream:remoteref) refs/heads/main refs/remotes/main [1ms]
2023-11-01 09:05:54.439 [info] > git status -z -uall [13ms]
2023-11-01 09:05:54.440 [info] > git for-each-ref --sort -committerdate --format %(refname) %(objectname) %(*objectname) [2ms]
2023-11-01 09:05:59.515 [info] > git config --get commit.template [14ms]
2023-11-01 09:05:59.516 [info] > git for-each-ref --format=%(refname)%00%(upstream:short)%00%(objectname)%00%(upstream:track)%00%(upstream:remotename)%00%(upstream:remoteref) refs/heads/main refs/remotes/main [1ms]
2023-11-01 09:05:59.593 [info] > git status -z -uall [65ms]
2023-11-01 09:05:59.595 [info] > git for-each-ref --sort -committerdate --format %(refname) %(objectname) %(*objectname) [2ms]
2023-11-01 09:06:04.624 [info] > git config --get commit.template [11ms]
2023-11-01 09:06:04.624 [info] > git for-each-ref --format=%(refname)%00%(upstream:short)%00%(objectname)%00%(upstream:track)%00%(upstream:remotename)%00%(upstream:remoteref) refs/heads/main refs/remotes/main [1ms]
2023-11-01 09:06:04.646 [info] > git status -z -uall [11ms]
2023-11-01 09:06:04.647 [info] > git for-each-ref --sort -committerdate --format %(refname) %(objectname) %(*objectname) [2ms]
2023-11-01 09:06:09.674 [info] > git config --get commit.template [12ms]
2023-11-01 09:06:09.675 [info] > git for-each-ref --format=%(refname)%00%(upstream:short)%00%(objectname)%00%(upstream:track)%00%(upstream:remotename)%00%(upstream:remoteref) refs/heads/main refs/remotes/main [2ms]
2023-11-01 09:06:09.695 [info] > git status -z -uall [10ms]
2023-11-01 09:06:09.696 [info] > git for-each-ref --sort -committerdate --format %(refname) %(objectname) %(*objectname) [1ms]
2023-11-01 09:06:14.726 [info] > git for-each-ref --format=%(refname)%00%(upstream:short)%00%(objectname)%00%(upstream:track)%00%(upstream:remotename)%00%(upstream:remoteref) refs/heads/main refs/remotes/main [3ms]
2023-11-01 09:06:14.726 [info] > git config --get commit.template [13ms]
2023-11-01 09:06:14.749 [info] > git status -z -uall [13ms]
2023-11-01 09:06:14.749 [info] > git for-each-ref --sort -committerdate --format %(refname) %(objectname) %(*objectname) [1ms]
2023-11-01 09:07:13.043 [info] > git config --get commit.template [10ms]
2023-11-01 09:07:13.044 [info] > git for-each-ref --format=%(refname)%00%(upstream:short)%00%(objectname)%00%(upstream:track)%00%(upstream:remotename)%00%(upstream:remoteref) refs/heads/main refs/remotes/main [1ms]
2023-11-01 09:07:13.060 [info] > git status -z -uall [9ms]
2023-11-01 09:07:13.061 [info] > git for-each-ref --sort -committerdate --format %(refname) %(objectname) %(*objectname) [3ms]
2023-11-01 09:07:18.084 [info] > git config --get commit.template [11ms]
2023-11-01 09:07:18.084 [info] > git for-each-ref --format=%(refname)%00%(upstream:short)%00%(objectname)%00%(upstream:track)%00%(upstream:remotename)%00%(upstream:remoteref) refs/heads/main refs/remotes/main [2ms]
2023-11-01 09:07:18.101 [info] > git status -z -uall [9ms]
2023-11-01 09:07:18.102 [info] > git for-each-ref --sort -committerdate --format %(refname) %(objectname) %(*objectname) [2ms]
2023-11-01 09:07:29.495 [info] > git config --get commit.template [2ms]
2023-11-01 09:07:29.504 [info] > git for-each-ref --format=%(refname)%00%(upstream:short)%00%(objectname)%00%(upstream:track)%00%(upstream:remotename)%00%(upstream:remoteref) refs/heads/main refs/remotes/main [1ms]
2023-11-01 09:07:29.522 [info] > git status -z -uall [10ms]
2023-11-01 09:07:29.523 [info] > git for-each-ref --sort -committerdate --format %(refname) %(objectname) %(*objectname) [2ms]
2023-11-01 09:07:44.491 [info] > git config --get commit.template [9ms]
2023-11-01 09:07:44.493 [info] > git for-each-ref --format=%(refname)%00%(upstream:short)%00%(objectname)%00%(upstream:track)%00%(upstream:remotename)%00%(upstream:remoteref) refs/heads/main refs/remotes/main [3ms]
2023-11-01 09:07:44.510 [info] > git status -z -uall [9ms]
2023-11-01 09:07:44.511 [info] > git for-each-ref --sort -committerdate --format %(refname) %(objectname) %(*objectname) [1ms]
2023-11-01 09:07:49.532 [info] > git config --get commit.template [9ms]
2023-11-01 09:07:49.533 [info] > git for-each-ref --format=%(refname)%00%(upstream:short)%00%(objectname)%00%(upstream:track)%00%(upstream:remotename)%00%(upstream:remoteref) refs/heads/main refs/remotes/main [2ms]
2023-11-01 09:07:49.550 [info] > git status -z -uall [10ms]
2023-11-01 09:07:49.551 [info] > git for-each-ref --sort -committerdate --format %(refname) %(objectname) %(*objectname) [2ms]
2023-11-01 09:08:29.621 [info] > git config --get commit.template [9ms]
2023-11-01 09:08:29.622 [info] > git for-each-ref --format=%(refname)%00%(upstream:short)%00%(objectname)%00%(upstream:track)%00%(upstream:remotename)%00%(upstream:remoteref) refs/heads/main refs/remotes/main [1ms]
2023-11-01 09:08:29.641 [info] > git status -z -uall [11ms]
2023-11-01 09:08:29.642 [info] > git for-each-ref --sort -committerdate --format %(refname) %(objectname) %(*objectname) [2ms]
2023-11-01 09:08:34.664 [info] > git config --get commit.template [9ms]
2023-11-01 09:08:34.664 [info] > git for-each-ref --format=%(refname)%00%(upstream:short)%00%(objectname)%00%(upstream:track)%00%(upstream:remotename)%00%(upstream:remoteref) refs/heads/main refs/remotes/main [1ms]
2023-11-01 09:08:34.681 [info] > git status -z -uall [8ms]
2023-11-01 09:08:34.681 [info] > git for-each-ref --sort -committerdate --format %(refname) %(objectname) %(*objectname) [1ms]
2023-11-01 09:08:47.587 [info] > git config --get commit.template [10ms]
2023-11-01 09:08:47.587 [info] > git for-each-ref --format=%(refname)%00%(upstream:short)%00%(objectname)%00%(upstream:track)%00%(upstream:remotename)%00%(upstream:remoteref) refs/heads/main refs/remotes/main [1ms]
2023-11-01 09:08:47.606 [info] > git status -z -uall [10ms]
2023-11-01 09:08:47.607 [info] > git for-each-ref --sort -committerdate --format %(refname) %(objectname) %(*objectname) [2ms]
2023-11-01 09:08:52.622 [info] > git config --get commit.template [2ms]
2023-11-01 09:08:52.631 [info] > git for-each-ref --format=%(refname)%00%(upstream:short)%00%(objectname)%00%(upstream:track)%00%(upstream:remotename)%00%(upstream:remoteref) refs/heads/main refs/remotes/main [2ms]
2023-11-01 09:08:52.648 [info] > git status -z -uall [9ms]
2023-11-01 09:08:52.648 [info] > git for-each-ref --sort -committerdate --format %(refname) %(objectname) %(*objectname) [2ms]
2023-11-01 09:09:03.508 [info] > git config --get commit.template [1ms]
2023-11-01 09:09:03.518 [info] > git for-each-ref --format=%(refname)%00%(upstream:short)%00%(objectname)%00%(upstream:track)%00%(upstream:remotename)%00%(upstream:remoteref) refs/heads/main refs/remotes/main [2ms]
2023-11-01 09:09:03.535 [info] > git status -z -uall [10ms]
2023-11-01 09:09:03.536 [info] > git for-each-ref --sort -committerdate --format %(refname) %(objectname) %(*objectname) [2ms]
2023-11-01 09:09:08.558 [info] > git config --get commit.template [9ms]
2023-11-01 09:09:08.559 [info] > git for-each-ref --format=%(refname)%00%(upstream:short)%00%(objectname)%00%(upstream:track)%00%(upstream:remotename)%00%(upstream:remoteref) refs/heads/main refs/remotes/main [1ms]
2023-11-01 09:09:08.578 [info] > git status -z -uall [10ms]
2023-11-01 09:09:08.579 [info] > git for-each-ref --sort -committerdate --format %(refname) %(objectname) %(*objectname) [2ms]
2023-11-01 09:09:13.599 [info] > git config --get commit.template [9ms]
2023-11-01 09:09:13.600 [info] > git for-each-ref --format=%(refname)%00%(upstream:short)%00%(objectname)%00%(upstream:track)%00%(upstream:remotename)%00%(upstream:remoteref) refs/heads/main refs/remotes/main [1ms]
2023-11-01 09:09:13.617 [info] > git status -z -uall [10ms]
2023-11-01 09:09:13.618 [info] > git for-each-ref --sort -committerdate --format %(refname) %(objectname) %(*objectname) [1ms]
2023-11-01 09:09:18.639 [info] > git config --get commit.template [9ms]
2023-11-01 09:09:18.640 [info] > git for-each-ref --format=%(refname)%00%(upstream:short)%00%(objectname)%00%(upstream:track)%00%(upstream:remotename)%00%(upstream:remoteref) refs/heads/main refs/remotes/main [1ms]
2023-11-01 09:09:18.658 [info] > git status -z -uall [9ms]
2023-11-01 09:09:18.658 [info] > git for-each-ref --sort -committerdate --format %(refname) %(objectname) %(*objectname) [1ms]
2023-11-01 09:09:23.680 [info] > git config --get commit.template [9ms]
2023-11-01 09:09:23.681 [info] > git for-each-ref --format=%(refname)%00%(upstream:short)%00%(objectname)%00%(upstream:track)%00%(upstream:remotename)%00%(upstream:remoteref) refs/heads/main refs/remotes/main [2ms]
2023-11-01 09:09:23.699 [info] > git status -z -uall [10ms]
2023-11-01 09:09:23.700 [info] > git for-each-ref --sort -committerdate --format %(refname) %(objectname) %(*objectname) [2ms]
2023-11-01 09:09:28.721 [info] > git config --get commit.template [10ms]
2023-11-01 09:09:28.722 [info] > git for-each-ref --format=%(refname)%00%(upstream:short)%00%(objectname)%00%(upstream:track)%00%(upstream:remotename)%00%(upstream:remoteref) refs/heads/main refs/remotes/main [1ms]
2023-11-01 09:09:28.738 [info] > git status -z -uall [9ms]
2023-11-01 09:09:28.739 [info] > git for-each-ref --sort -committerdate --format %(refname) %(objectname) %(*objectname) [2ms]
2023-11-01 09:09:33.761 [info] > git config --get commit.template [10ms]
2023-11-01 09:09:33.762 [info] > git for-each-ref --format=%(refname)%00%(upstream:short)%00%(objectname)%00%(upstream:track)%00%(upstream:remotename)%00%(upstream:remoteref) refs/heads/main refs/remotes/main [2ms]
2023-11-01 09:09:33.778 [info] > git status -z -uall [9ms]
2023-11-01 09:09:33.779 [info] > git for-each-ref --sort -committerdate --format %(refname) %(objectname) %(*objectname) [2ms]
2023-11-01 09:09:38.800 [info] > git config --get commit.template [9ms]
2023-11-01 09:09:38.801 [info] > git for-each-ref --format=%(refname)%00%(upstream:short)%00%(objectname)%00%(upstream:track)%00%(upstream:remotename)%00%(upstream:remoteref) refs/heads/main refs/remotes/main [2ms]
2023-11-01 09:09:38.819 [info] > git status -z -uall [9ms]
2023-11-01 09:09:38.821 [info] > git for-each-ref --sort -committerdate --format %(refname) %(objectname) %(*objectname) [2ms]
2023-11-01 09:09:43.836 [info] > git config --get commit.template [1ms]
2023-11-01 09:09:43.893 [info] > git for-each-ref --format=%(refname)%00%(upstream:short)%00%(objectname)%00%(upstream:track)%00%(upstream:remotename)%00%(upstream:remoteref) refs/heads/main refs/remotes/main [2ms]
2023-11-01 09:09:44.002 [info] > git status -z -uall [98ms]
2023-11-01 09:09:44.003 [info] > git for-each-ref --sort -committerdate --format %(refname) %(objectname) %(*objectname) [2ms]
