code-server (1.75.1, nvs.domino-eval.com, server-distro)
Jupyter Extension Version: 2022.10.110.
Python Extension Version: 2021.12.1559732655.
Workspace folder /mnt/code
info 09:05:19.135: ZMQ install verified.
info 09:05:20.003: LSP Notebooks experiment is disabled -- Python does not support experiment
info 09:05:20.116: Process Execution: > jupyter notebook --version
> jupyter notebook --version
info 09:05:20.138: Process Execution: > jupyter lab --version
> jupyter lab --version
warn 09:05:21.202: Failed to get active interpreter from Python for workspace /mnt/code [TypeError: Cannot read properties of undefined (reading 'getActiveEnvironmentPath')
	at /home/ubuntu/.local/share/code-server/extensions/ms-toolsai.jupyter-2022.10.110-universal/out/extension.node.js:2:904259]
warn 09:05:21.203: Failed to get active interpreter from Python for workspace /mnt/code [TypeError: Cannot read properties of undefined (reading 'getActiveEnvironmentPath')
	at /home/ubuntu/.local/share/code-server/extensions/ms-toolsai.jupyter-2022.10.110-universal/out/extension.node.js:2:904259]
error 09:05:21.203: Get Interpreters, Class name = x, completed in 1271ms, has a falsy return value,  [TypeError: Cannot read properties of undefined (reading 'refreshEnvironments')
	at /home/ubuntu/.local/share/code-server/extensions/ms-toolsai.jupyter-2022.10.110-universal/out/extension.node.js:2:906001
	at async x.getInterpretersImpl (/home/ubuntu/.local/share/code-server/extensions/ms-toolsai.jupyter-2022.10.110-universal/out/extension.node.js:2:905929)]
error 09:05:21.203: Get Interpreters, Class name = x, completed in 803ms, has a falsy return value,  [TypeError: Cannot read properties of undefined (reading 'refreshEnvironments')
	at /home/ubuntu/.local/share/code-server/extensions/ms-toolsai.jupyter-2022.10.110-universal/out/extension.node.js:2:906001
	at async x.getInterpretersImpl (/home/ubuntu/.local/share/code-server/extensions/ms-toolsai.jupyter-2022.10.110-universal/out/extension.node.js:2:905929)]
error 09:05:21.203: Get Interpreters, Class name = x, completed in 798ms, has a falsy return value,  [TypeError: Cannot read properties of undefined (reading 'refreshEnvironments')
	at /home/ubuntu/.local/share/code-server/extensions/ms-toolsai.jupyter-2022.10.110-universal/out/extension.node.js:2:906001
	at async x.getInterpretersImpl (/home/ubuntu/.local/share/code-server/extensions/ms-toolsai.jupyter-2022.10.110-universal/out/extension.node.js:2:905929)]
error 09:05:21.204: Get Active Interpreter, Class name = x, completed in 1270ms, has a falsy return value, Arg 1: "/mnt/code" [TypeError: Cannot read properties of undefined (reading 'getActiveEnvironmentPath')
	at /home/ubuntu/.local/share/code-server/extensions/ms-toolsai.jupyter-2022.10.110-universal/out/extension.node.js:2:904259]
error 09:05:21.204: Get Active Interpreter, Class name = x, completed in 5ms, has a falsy return value, Arg 1: undefined [TypeError: Cannot read properties of undefined (reading 'getActiveEnvironmentPath')
	at /home/ubuntu/.local/share/code-server/extensions/ms-toolsai.jupyter-2022.10.110-universal/out/extension.node.js:2:904259]
